<?xml version="1.0" encoding="UTF-8"?>
<!-- Generated by org.testng.reporters.JUnitXMLReporter -->
<testsuite hostname="sreeja" ignored="0" name="test1" tests="6" failures="0" timestamp="2023-01-05T14:29:14 IST" time="0.086" errors="0">
  <testcase name="tc001" time="0.01" classname="p1.ClassA"/>
  <testcase name="tc002" time="0.003" classname="p1.ClassA"/>
  <testcase name="tc003" time="0.007" classname="p1.ClassA"/>
  <testcase name="tc004" time="0.003" classname="p2.ClassB"/>
  <testcase name="tc005" time="0.004" classname="p2.ClassB"/>
  <testcase name="tc006" time="0.002" classname="p2.ClassB"/>
</testsuite> <!-- test1 -->
