<?xml version="1.0" encoding="UTF-8"?>
<!-- Generated by org.testng.reporters.JUnitXMLReporter -->
<testsuite hostname="sreeja" ignored="0" name="test1" tests="6" failures="0" timestamp="2023-01-05T10:21:12 IST" time="0.071" errors="0">
  <testcase name="tc001" time="0.008" classname="p1.ClassA"/>
  <testcase name="tc002" time="0.001" classname="p1.ClassA"/>
  <testcase name="tc003" time="0.001" classname="p1.ClassA"/>
  <testcase name="tc004" time="0.002" classname="p2.ClassB"/>
  <testcase name="tc005" time="0.003" classname="p2.ClassB"/>
  <testcase name="tc006" time="0.006" classname="p2.ClassB"/>
</testsuite> <!-- test1 -->
